<?xml version="1.0" encoding="UTF-8"?>
<!-- Generated by org.testng.reporters.JUnitReportReporter -->
<testsuite hostname="makhtar-lp" failures="0" tests="1" name="Tests_PUT" time="1.887" errors="0" timestamp="06 May 2022 11:08:10 GMT" skipped="0">
  <testcase classname="Tests_PUT" name="test_2_put" time="1.887"/>
</testsuite> <!-- Tests_PUT -->
