<?xml version="1.0" encoding="UTF-8"?>
<!-- Generated by org.testng.reporters.JUnitReportReporter -->
<testsuite hostname="makhtar-lp" failures="0" tests="2" name="testpackages.Test01_GET" time="0.625" errors="0" timestamp="16 May 2022 07:16:38 GMT" skipped="0">
  <testcase classname="testpackages.Test01_GET" name="test_02" time="0.287"/>
  <testcase classname="testpackages.Test01_GET" name="test_01" time="0.338"/>
</testsuite> <!-- testpackages.Test01_GET -->
