<?xml version="1.0" encoding="UTF-8"?>
<!-- Generated by org.testng.reporters.JUnitReportReporter -->
<testsuite hostname="makhtar-lp" failures="0" tests="1" name="Tests_POST" time="1.706" errors="0" timestamp="09 May 2022 11:15:33 GMT" skipped="0">
  <testcase classname="Tests_POST" name="test_1_post" time="1.706"/>
</testsuite> <!-- Tests_POST -->
