<?xml version="1.0" encoding="UTF-8"?>
<!-- Generated by org.testng.reporters.JUnitReportReporter -->
<testsuite hostname="makhtar-lp" failures="0" tests="3" name="testpackages.DataDrivenExamples" time="1.146" errors="0" timestamp="16 May 2022 07:16:38 GMT" skipped="0">
  <testcase classname="testpackages.DataDrivenExamples" name="test_delete" time="0.033"/>
  <testcase classname="testpackages.DataDrivenExamples" name="test_delete" time="0.044"/>
  <testcase classname="testpackages.DataDrivenExamples" name="test_delete" time="1.069"/>
</testsuite> <!-- testpackages.DataDrivenExamples -->
