<?xml version="1.0" encoding="UTF-8"?>
<!-- Generated by org.testng.reporters.JUnitReportReporter -->
<testsuite hostname="makhtar-lp" failures="0" tests="1" name="Test_DELETE" time="1.634" errors="0" timestamp="06 May 2022 13:12:22 GMT" skipped="0">
  <testcase classname="Test_DELETE" name="test_1_delete" time="1.634"/>
</testsuite> <!-- Test_DELETE -->
