<?xml version="1.0" encoding="UTF-8"?>
<!-- Generated by org.testng.reporters.JUnitReportReporter -->
<testsuite hostname="makhtar-lp" failures="0" tests="1" name="Test01_GET" time="1.608" errors="0" timestamp="05 May 2022 16:36:18 GMT" skipped="0">
  <testcase classname="Test01_GET" name="test_02" time="1.608"/>
</testsuite> <!-- Test01_GET -->
