<?xml version="1.0" encoding="UTF-8"?>
<!-- Generated by org.testng.reporters.JUnitReportReporter -->
<testsuite hostname="makhtar-lp" failures="0" tests="3" name="DataDrivenExamples" time="1.319" errors="0" timestamp="11 May 2022 13:43:46 GMT" skipped="0">
  <testcase classname="DataDrivenExamples" name="test_delete" time="1.231"/>
  <testcase classname="DataDrivenExamples" name="test_delete" time="0.032"/>
  <testcase classname="DataDrivenExamples" name="test_delete" time="0.056"/>
</testsuite> <!-- DataDrivenExamples -->
