<?xml version="1.0" encoding="UTF-8"?>
<!-- Generated by org.testng.reporters.JUnitReportReporter -->
<testsuite hostname="makhtar-lp" failures="0" tests="1" name="testpackages.Test_DELETE" time="0.546" errors="0" timestamp="16 May 2022 07:16:38 GMT" skipped="0">
  <testcase classname="testpackages.Test_DELETE" name="test_1_delete" time="0.546"/>
</testsuite> <!-- testpackages.Test_DELETE -->
