<?xml version="1.0" encoding="UTF-8"?>
<!-- Generated by org.testng.reporters.JUnitReportReporter -->
<testsuite hostname="makhtar-lp" failures="0" tests="1" name="testpackages.Tests_POST" time="0.406" errors="0" timestamp="16 May 2022 07:16:38 GMT" skipped="0">
  <testcase classname="testpackages.Tests_POST" name="test_1_post" time="0.406"/>
</testsuite> <!-- testpackages.Tests_POST -->
