<?xml version="1.0" encoding="UTF-8"?>
<!-- Generated by org.testng.reporters.JUnitReportReporter -->
<testsuite hostname="makhtar-lp" failures="0" tests="1" name="Tests_Patch" time="1.583" errors="0" timestamp="06 May 2022 13:06:53 GMT" skipped="0">
  <testcase classname="Tests_Patch" name="test_1_patch" time="1.583"/>
</testsuite> <!-- Tests_Patch -->
