<?xml version="1.0" encoding="UTF-8"?>
<!-- Generated by org.testng.reporters.JUnitReportReporter -->
<testsuite hostname="makhtar-lp" failures="0" tests="2" name="testpackages.Test01_GET" time="0.667" errors="0" timestamp="16 May 2022 07:34:54 GMT" skipped="0">
  <testcase classname="testpackages.Test01_GET" name="test_01" time="0.264"/>
  <testcase classname="testpackages.Test01_GET" name="test_02" time="0.403"/>
</testsuite> <!-- testpackages.Test01_GET -->
