<?xml version="1.0" encoding="UTF-8"?>
<!-- Generated by org.testng.reporters.JUnitReportReporter -->
<testsuite hostname="makhtar-lp" failures="0" tests="1" name="testpackages.Tests_PUT" time="0.740" errors="0" timestamp="16 May 2022 07:34:54 GMT" skipped="0">
  <testcase classname="testpackages.Tests_PUT" name="test_2_put" time="0.740"/>
</testsuite> <!-- testpackages.Tests_PUT -->
