<?xml version="1.0" encoding="UTF-8"?>
<!-- Generated by org.testng.reporters.JUnitReportReporter -->
<testsuite hostname="makhtar-lp" failures="0" tests="2" name="testpackages.Examples" time="1.105" errors="0" timestamp="16 May 2022 07:37:24 GMT" skipped="0">
  <testcase classname="testpackages.Examples" name="test_get" time="1.033"/>
  <testcase classname="testpackages.Examples" name="test_post" time="0.072"/>
</testsuite> <!-- testpackages.Examples -->
