<?xml version="1.0" encoding="UTF-8"?>
<!-- Generated by org.testng.reporters.JUnitReportReporter -->
<testsuite hostname="makhtar-lp" failures="0" tests="1" name="testpackages.Tests_PATCH" time="0.552" errors="0" timestamp="16 May 2022 07:34:54 GMT" skipped="0">
  <testcase classname="testpackages.Tests_PATCH" name="test_1_patch" time="0.552"/>
</testsuite> <!-- testpackages.Tests_PATCH -->
